<?xml version="1.0" encoding="UTF-8"?>
<testng-results ignored="0" total="1" passed="1" failed="0" skipped="0">
  <reporter-output>
  </reporter-output>
  <suite started-at="2022-09-03T12:56:48 IST" name="Default suite" finished-at="2022-09-03T12:56:58 IST" duration-ms="9711">
    <groups>
    </groups>
    <test started-at="2022-09-03T12:56:48 IST" name="Default test" finished-at="2022-09-03T12:56:58 IST" duration-ms="9711">
      <class name="test.launchTest">
        <test-method is-config="true" signature="beforeMethod()[pri:0, instance:test.launchTest@576d5deb]" started-at="2022-09-03T12:56:48 IST" name="beforeMethod" finished-at="2022-09-03T12:56:58 IST" duration-ms="9329" status="PASS">
          <reporter-output>
          </reporter-output>
        </test-method> <!-- beforeMethod -->
        <test-method signature="validTest()[pri:0, instance:test.launchTest@576d5deb]" started-at="2022-09-03T12:56:58 IST" name="validTest" finished-at="2022-09-03T12:56:58 IST" duration-ms="5" status="PASS">
          <reporter-output>
          </reporter-output>
        </test-method> <!-- validTest -->
        <test-method is-config="true" signature="afterMethod()[pri:0, instance:test.launchTest@576d5deb]" started-at="2022-09-03T12:56:58 IST" name="afterMethod" finished-at="2022-09-03T12:56:58 IST" duration-ms="301" status="PASS">
          <reporter-output>
          </reporter-output>
        </test-method> <!-- afterMethod -->
      </class> <!-- test.launchTest -->
    </test> <!-- Default test -->
  </suite> <!-- Default suite -->
</testng-results>
